<?xml version="1.0" encoding="UTF-8"?>
<testng-results total="1" passed="1" failed="0" skipped="0">
  <reporter-output>
  </reporter-output>
  <suite started-at="2023-01-16T11:08:21Z" name="Suite" finished-at="2023-01-16T11:08:21Z" duration-ms="18">
    <groups>
    </groups>
    <test started-at="2023-01-16T11:08:21Z" name="Test" finished-at="2023-01-16T11:08:21Z" duration-ms="18">
      <class name="com.test.testing">
        <test-method is-config="true" signature="beforeMethod()[pri:0, instance:com.test.testing@2925bf5b]" started-at="2023-01-16T16:38:21Z" name="beforeMethod" finished-at="2023-01-16T16:38:21Z" duration-ms="8" status="PASS">
          <reporter-output>
          </reporter-output>
        </test-method> <!-- beforeMethod -->
        <test-method signature="Test1()[pri:0, instance:com.test.testing@2925bf5b]" started-at="2023-01-16T16:38:21Z" name="Test1" finished-at="2023-01-16T16:38:21Z" duration-ms="1" status="PASS">
          <reporter-output>
          </reporter-output>
        </test-method> <!-- Test1 -->
        <test-method is-config="true" signature="afterMethod()[pri:0, instance:com.test.testing@2925bf5b]" started-at="2023-01-16T16:38:21Z" name="afterMethod" finished-at="2023-01-16T16:38:21Z" duration-ms="0" status="PASS">
          <reporter-output>
          </reporter-output>
        </test-method> <!-- afterMethod -->
      </class> <!-- com.test.testing -->
    </test> <!-- Test -->
  </suite> <!-- Suite -->
</testng-results>
